<?xml version="1.0" encoding="UTF-8"?>
<!-- Generated by org.testng.reporters.JUnitReportReporter -->
<testsuite skipped="0" hostname="mahbub-VirtualBox" name="com.tt.testRunner.TestNGtestrunner" tests="1" failures="0" timestamp="08 Jan 2019 00:34:16 GMT" time="0.088" errors="0">
  <testcase name="feature" time="0.088" classname="com.tt.testRunner.TestNGtestrunner"/>
</testsuite> <!-- com.tt.testRunner.TestNGtestrunner -->
